2025-03-22 12:12:16,532 CRIT Supervisor is running as root.  Privileges were not dropped because no user is specified in the config file.  If you intend to run as root, you can set user=root in the config file to avoid this message.
2025-03-22 12:12:16,532 INFO Included extra file "/var/log/nats/conf.d/nats-listener.conf" during parsing
2025-03-22 12:12:16,534 INFO supervisord started with pid 1
2025-03-22 12:12:17,543 INFO spawned: 'nats-listener' with pid 13
2025-03-22 12:12:18,450 WARN exited: nats-listener (exit status 1; not expected)
2025-03-22 12:12:19,456 INFO spawned: 'nats-listener' with pid 16
2025-03-22 12:12:20,108 WARN exited: nats-listener (exit status 1; not expected)
2025-03-22 12:12:22,122 INFO spawned: 'nats-listener' with pid 19
2025-03-22 12:12:22,784 WARN exited: nats-listener (exit status 1; not expected)
2025-03-22 12:12:25,799 INFO spawned: 'nats-listener' with pid 22
2025-03-22 12:12:26,462 WARN exited: nats-listener (exit status 1; not expected)
2025-03-22 12:12:27,465 INFO gave up: nats-listener entered FATAL state, too many start retries too quickly
2025-03-22 12:13:55,756 WARN received SIGQUIT indicating exit request
2025-03-22 12:14:02,345 CRIT Supervisor is running as root.  Privileges were not dropped because no user is specified in the config file.  If you intend to run as root, you can set user=root in the config file to avoid this message.
2025-03-22 12:14:02,345 INFO Included extra file "/var/log/nats/conf.d/nats-listener.conf" during parsing
2025-03-22 12:14:02,347 INFO supervisord started with pid 1
2025-03-22 12:14:03,351 INFO spawned: 'nats-listener' with pid 7
2025-03-22 12:14:04,357 INFO success: nats-listener entered RUNNING state, process has stayed up for > than 1 seconds (startsecs)
2025-03-22 12:14:05,030 WARN exited: nats-listener (exit status 1; not expected)
2025-03-22 12:14:06,035 INFO spawned: 'nats-listener' with pid 10
2025-03-22 12:14:06,662 WARN exited: nats-listener (exit status 1; not expected)
2025-03-22 12:14:07,669 INFO spawned: 'nats-listener' with pid 13
2025-03-22 12:14:08,282 WARN exited: nats-listener (exit status 1; not expected)
2025-03-22 12:14:10,286 INFO spawned: 'nats-listener' with pid 16
2025-03-22 12:14:10,983 WARN exited: nats-listener (exit status 1; not expected)
2025-03-22 12:14:14,002 INFO spawned: 'nats-listener' with pid 19
2025-03-22 12:14:14,663 WARN exited: nats-listener (exit status 1; not expected)
2025-03-22 12:14:15,665 INFO gave up: nats-listener entered FATAL state, too many start retries too quickly
2025-03-22 12:16:25,153 WARN received SIGQUIT indicating exit request
2025-03-22 12:16:40,196 CRIT Supervisor is running as root.  Privileges were not dropped because no user is specified in the config file.  If you intend to run as root, you can set user=root in the config file to avoid this message.
2025-03-22 12:16:40,202 INFO Included extra file "/var/log/nats/conf.d/nats-listener.conf" during parsing
2025-03-22 12:16:40,208 INFO supervisord started with pid 1
2025-03-22 12:16:41,213 INFO spawned: 'nats-listener' with pid 7
2025-03-22 12:16:42,233 INFO success: nats-listener entered RUNNING state, process has stayed up for > than 1 seconds (startsecs)
2025-03-22 12:16:42,823 WARN exited: nats-listener (exit status 1; not expected)
2025-03-22 12:16:43,826 INFO spawned: 'nats-listener' with pid 10
2025-03-22 12:16:44,460 WARN exited: nats-listener (exit status 1; not expected)
2025-03-22 12:16:45,465 INFO spawned: 'nats-listener' with pid 13
2025-03-22 12:16:46,087 WARN exited: nats-listener (exit status 1; not expected)
2025-03-22 12:16:48,097 INFO spawned: 'nats-listener' with pid 16
2025-03-22 12:16:48,817 WARN exited: nats-listener (exit status 1; not expected)
2025-03-22 12:16:51,836 INFO spawned: 'nats-listener' with pid 19
2025-03-22 12:16:52,489 WARN exited: nats-listener (exit status 1; not expected)
2025-03-22 12:16:53,491 INFO gave up: nats-listener entered FATAL state, too many start retries too quickly
2025-03-22 12:22:29,632 WARN received SIGQUIT indicating exit request
2025-03-22 12:22:40,881 CRIT Supervisor is running as root.  Privileges were not dropped because no user is specified in the config file.  If you intend to run as root, you can set user=root in the config file to avoid this message.
2025-03-22 12:22:40,882 INFO Included extra file "/var/log/nats/conf.d/nats-listener.conf" during parsing
2025-03-22 12:22:40,887 INFO supervisord started with pid 1
2025-03-22 12:22:41,889 INFO spawned: 'nats-listener' with pid 7
2025-03-22 12:22:42,894 INFO success: nats-listener entered RUNNING state, process has stayed up for > than 1 seconds (startsecs)
2025-03-22 12:22:44,079 WARN exited: nats-listener (exit status 1; not expected)
2025-03-22 12:22:45,083 INFO spawned: 'nats-listener' with pid 10
2025-03-22 12:22:45,853 WARN exited: nats-listener (exit status 1; not expected)
2025-03-22 12:22:46,857 INFO spawned: 'nats-listener' with pid 13
2025-03-22 12:22:47,473 WARN exited: nats-listener (exit status 1; not expected)
2025-03-22 12:22:49,483 INFO spawned: 'nats-listener' with pid 16
2025-03-22 12:22:50,128 WARN exited: nats-listener (exit status 1; not expected)
2025-03-22 12:22:53,140 INFO spawned: 'nats-listener' with pid 19
2025-03-22 12:22:53,807 WARN exited: nats-listener (exit status 1; not expected)
2025-03-22 12:22:54,813 INFO gave up: nats-listener entered FATAL state, too many start retries too quickly
2025-03-22 12:26:02,375 WARN received SIGQUIT indicating exit request
2025-03-22 12:26:14,707 CRIT Supervisor is running as root.  Privileges were not dropped because no user is specified in the config file.  If you intend to run as root, you can set user=root in the config file to avoid this message.
2025-03-22 12:26:14,708 INFO Included extra file "/var/log/nats/conf.d/nats-listener.conf" during parsing
2025-03-22 12:26:14,711 INFO supervisord started with pid 1
2025-03-22 12:26:15,716 INFO spawned: 'nats-listener' with pid 8
2025-03-22 12:26:16,725 INFO success: nats-listener entered RUNNING state, process has stayed up for > than 1 seconds (startsecs)
2025-03-22 12:26:16,803 WARN exited: nats-listener (exit status 1; not expected)
2025-03-22 12:26:17,810 INFO spawned: 'nats-listener' with pid 11
2025-03-22 12:26:18,434 WARN exited: nats-listener (exit status 1; not expected)
2025-03-22 12:26:19,439 INFO spawned: 'nats-listener' with pid 14
2025-03-22 12:26:20,052 WARN exited: nats-listener (exit status 1; not expected)
2025-03-22 12:26:22,063 INFO spawned: 'nats-listener' with pid 17
2025-03-22 12:26:22,711 WARN exited: nats-listener (exit status 1; not expected)
2025-03-22 12:26:25,726 INFO spawned: 'nats-listener' with pid 20
2025-03-22 12:26:26,368 WARN exited: nats-listener (exit status 1; not expected)
2025-03-22 12:26:27,375 INFO gave up: nats-listener entered FATAL state, too many start retries too quickly
2025-03-22 12:40:00,660 WARN received SIGQUIT indicating exit request
2025-03-22 12:40:41,740 CRIT Supervisor is running as root.  Privileges were not dropped because no user is specified in the config file.  If you intend to run as root, you can set user=root in the config file to avoid this message.
2025-03-22 12:40:41,740 INFO Included extra file "/var/log/nats/conf.d/nats-listener.conf" during parsing
2025-03-22 12:40:41,743 INFO supervisord started with pid 1
2025-03-22 12:40:42,751 INFO spawned: 'nats-listener' with pid 7
2025-03-22 12:40:43,753 INFO success: nats-listener entered RUNNING state, process has stayed up for > than 1 seconds (startsecs)
2025-03-22 12:40:43,803 WARN exited: nats-listener (exit status 1; not expected)
2025-03-22 12:40:44,811 INFO spawned: 'nats-listener' with pid 10
2025-03-22 12:40:45,449 WARN exited: nats-listener (exit status 1; not expected)
2025-03-22 12:40:46,457 INFO spawned: 'nats-listener' with pid 13
2025-03-22 12:40:47,074 WARN exited: nats-listener (exit status 1; not expected)
2025-03-22 12:40:49,088 INFO spawned: 'nats-listener' with pid 16
2025-03-22 12:40:49,713 WARN exited: nats-listener (exit status 1; not expected)
2025-03-22 12:40:52,731 INFO spawned: 'nats-listener' with pid 19
2025-03-22 12:40:53,370 WARN exited: nats-listener (exit status 1; not expected)
2025-03-22 12:40:54,371 INFO gave up: nats-listener entered FATAL state, too many start retries too quickly
2025-03-22 12:46:19,472 WARN received SIGQUIT indicating exit request
2025-03-22 14:13:42,567 CRIT Supervisor is running as root.  Privileges were not dropped because no user is specified in the config file.  If you intend to run as root, you can set user=root in the config file to avoid this message.
2025-03-22 14:13:42,569 INFO Included extra file "/var/log/nats/conf.d/nats-listener.conf" during parsing
2025-03-22 14:13:42,573 INFO supervisord started with pid 7
2025-03-22 14:13:43,576 INFO spawned: 'nats-listener' with pid 10
2025-03-22 14:13:44,537 WARN exited: nats-listener (exit status 1; not expected)
2025-03-22 14:13:45,541 INFO spawned: 'nats-listener' with pid 13
2025-03-22 14:13:46,177 WARN exited: nats-listener (exit status 1; not expected)
2025-03-22 14:13:48,187 INFO spawned: 'nats-listener' with pid 16
2025-03-22 14:13:48,860 WARN exited: nats-listener (exit status 1; not expected)
2025-03-22 14:13:51,869 INFO spawned: 'nats-listener' with pid 19
2025-03-22 14:13:52,529 WARN exited: nats-listener (exit status 1; not expected)
2025-03-22 14:13:53,530 INFO gave up: nats-listener entered FATAL state, too many start retries too quickly
2025-03-22 14:22:12,653 CRIT Supervisor is running as root.  Privileges were not dropped because no user is specified in the config file.  If you intend to run as root, you can set user=root in the config file to avoid this message.
2025-03-22 14:22:12,654 INFO Included extra file "/var/log/nats/conf.d/nats-listener.conf" during parsing
2025-03-22 14:22:12,656 INFO supervisord started with pid 7
2025-03-22 14:22:13,664 INFO spawned: 'nats-listener' with pid 10
2025-03-22 14:22:14,526 WARN exited: nats-listener (exit status 0; not expected)
2025-03-22 14:22:15,530 INFO spawned: 'nats-listener' with pid 13
2025-03-22 14:22:16,143 WARN exited: nats-listener (exit status 0; not expected)
2025-03-22 14:22:18,159 INFO spawned: 'nats-listener' with pid 16
2025-03-22 14:22:18,782 WARN exited: nats-listener (exit status 0; not expected)
2025-03-22 14:22:21,794 INFO spawned: 'nats-listener' with pid 19
2025-03-22 14:22:22,412 WARN exited: nats-listener (exit status 0; not expected)
2025-03-22 14:22:23,414 INFO gave up: nats-listener entered FATAL state, too many start retries too quickly
